<?xml version="1.0" encoding="UTF-8"?>
<!-- Generated by org.testng.reporters.JUnitReportReporter -->
<testsuite hostname="PRAFULLA-HP" failures="0" tests="1" name="Test.ResultClass" time="11.781" errors="0" timestamp="2023-01-17T15:58:16 IST" skipped="0">
  <testcase classname="Test.ResultClass" name="verifyTextOf" time="11.781"/>
  <system-out>
    <![CDATA[TC verify Test is Running ]]>
  </system-out>
</testsuite> <!-- Test.ResultClass -->
