<?xml version="1.0" encoding="UTF-8"?>
<!-- Generated by org.testng.reporters.JUnitReportReporter -->
<testsuite hostname="PRAFULLA-HP" failures="0" tests="1" name="POM.Test1" time="21.711" errors="0" timestamp="2023-01-16T11:15:09 IST" skipped="0">
  <testcase classname="POM.Test1" name="verifyTest" time="21.711"/>
  <system-out>
    <![CDATA[Running verify test]]>
  </system-out>
</testsuite> <!-- POM.Test1 -->
